2025-07-04 23:10:06,103 1 INFO ? odoo: Odoo version 18.0 
2025-07-04 23:10:06,105 1 INFO ? odoo: Using configuration file at /etc/odoo/odoo.conf 
2025-07-04 23:10:06,109 1 INFO ? odoo: addons paths: ['/opt/odoo/odoo/addons', '/opt/venv/lib/python3.12/site-packages/odoo/addons', '/var/lib/odoo/.local/share/Odoo/addons/18.0', '/var/lib/odoo/odoo/addons', '/var/lib/odoo/custom_addons_enterprice', '/var/lib/odoo/custom_addons_extra', '/var/lib/odoo/custom_addons_oca'] 
2025-07-04 23:10:06,111 1 INFO ? odoo: database: odoo@odoo-enterprice-db18:5432 
2025-07-04 23:10:06,503 1 INFO ? odoo.addons.base.models.ir_actions_report: You need Wkhtmltopdf to print a pdf version of the reports. 
2025-07-04 23:10:06,506 1 INFO ? odoo.addons.base.models.ir_actions_report: You need Wkhtmltoimage to generate images from html. 
2025-07-04 23:10:07,014 1 INFO ? odoo.service.server: HTTP service (werkzeug) running on 9375344d69ca:8069 
2025-07-04 23:10:07,028 1 INFO db0 odoo.modules.loading: init db 
2025-07-04 23:10:24,261 1 WARNING db0 odoo.modules.module: Missing `license` key in manifest for 'pos_product_imgtext', defaulting to LGPL-3 
2025-07-04 23:10:30,644 1 WARNING db0 odoo.modules.module: Missing `license` key in manifest for 'website_self_cfdi_invoice', defaulting to LGPL-3 
2025-07-04 23:10:30,980 1 INFO db0 odoo.modules.loading: loading 1 modules... 
2025-07-04 23:10:30,983 1 INFO db0 odoo.modules.loading: Loading module base (1/1) 
2025-07-04 23:10:31,011 1 INFO db0 odoo.modules.registry: module base: creating or updating database tables 
2025-07-04 23:10:31,472 1 INFO db0 odoo.models: Prepare computation of ir.module.module.menus_by_module 
2025-07-04 23:10:31,475 1 INFO db0 odoo.models: Prepare computation of ir.module.module.reports_by_module 
2025-07-04 23:10:31,478 1 INFO db0 odoo.models: Prepare computation of ir.module.module.views_by_module 
2025-07-04 23:10:31,586 1 INFO db0 odoo.models: Prepare computation of res.partner.user_id 
2025-07-04 23:10:31,589 1 INFO db0 odoo.models: Prepare computation of res.partner.commercial_partner_id 
2025-07-04 23:10:31,591 1 INFO db0 odoo.models: Prepare computation of res.partner.complete_name 
2025-07-04 23:10:31,594 1 INFO db0 odoo.models: Prepare computation of res.partner.company_registry 
2025-07-04 23:10:31,595 1 INFO db0 odoo.models: Prepare computation of res.partner.commercial_company_name 
2025-07-04 23:10:31,597 1 INFO db0 odoo.models: Prepare computation of res.partner.partner_share 
2025-07-04 23:10:31,631 1 INFO db0 odoo.models: Prepare computation of res.currency.decimal_places 
2025-07-04 23:10:31,658 1 INFO db0 odoo.models: Prepare computation of res.company.uses_default_logo 
2025-07-04 23:10:31,661 1 INFO db0 odoo.models: Prepare computation of res.company.logo_web 
2025-07-04 23:10:31,666 1 INFO db0 odoo.models: Computing parent_path for table res_company... 
2025-07-04 23:10:31,695 1 INFO db0 odoo.models: Prepare computation of res.users.signature 
2025-07-04 23:10:31,698 1 INFO db0 odoo.models: Prepare computation of res.users.share 
2025-07-04 23:10:32,896 1 INFO db0 odoo.modules.loading: loading base/data/res_bank.xml 
2025-07-04 23:10:32,907 1 INFO db0 odoo.modules.loading: loading base/data/res.lang.csv 
2025-07-04 23:10:32,935 1 INFO db0 odoo.modules.loading: loading base/data/res_lang_data.xml 
2025-07-04 23:10:32,967 1 INFO db0 odoo.modules.loading: loading base/data/res_partner_data.xml 
2025-07-04 23:10:33,002 1 INFO db0 odoo.modules.loading: loading base/data/res_currency_data.xml 
2025-07-04 23:10:33,354 1 INFO db0 odoo.modules.loading: loading base/data/res_company_data.xml 
2025-07-04 23:10:33,367 1 INFO db0 odoo.modules.loading: loading base/data/res_users_data.xml 
2025-07-04 23:10:33,879 1 INFO db0 odoo.modules.loading: loading base/data/report_paperformat_data.xml 
2025-07-04 23:10:33,896 1 INFO db0 odoo.modules.loading: loading base/data/res_country_data.xml 
2025-07-04 23:10:34,198 1 INFO db0 odoo.modules.loading: loading base/data/ir_demo_data.xml 
2025-07-04 23:10:34,213 1 INFO db0 odoo.modules.loading: loading base/security/base_groups.xml 
2025-07-04 23:10:34,775 1 INFO db0 odoo.modules.loading: loading base/security/base_security.xml 
2025-07-04 23:10:34,867 1 INFO db0 odoo.modules.loading: loading base/views/base_menus.xml 
2025-07-04 23:10:34,937 1 INFO db0 odoo.modules.loading: loading base/views/decimal_precision_views.xml 
2025-07-04 23:10:34,955 1 INFO db0 odoo.modules.loading: loading base/views/res_config_views.xml 
2025-07-04 23:10:34,963 1 INFO db0 odoo.modules.loading: loading base/data/res.country.state.csv 
2025-07-04 23:10:35,289 1 INFO db0 odoo.modules.loading: loading base/views/ir_actions_views.xml 
2025-07-04 23:10:35,375 1 INFO db0 odoo.modules.loading: loading base/views/ir_asset_views.xml 
2025-07-04 23:10:35,389 1 INFO db0 odoo.modules.loading: loading base/views/ir_config_parameter_views.xml 
2025-07-04 23:10:35,405 1 INFO db0 odoo.modules.loading: loading base/views/ir_cron_views.xml 
2025-07-04 23:10:35,429 1 INFO db0 odoo.modules.loading: loading base/views/ir_cron_trigger_views.xml 
2025-07-04 23:10:35,447 1 INFO db0 odoo.modules.loading: loading base/views/ir_filters_views.xml 
2025-07-04 23:10:35,470 1 INFO db0 odoo.modules.loading: loading base/views/ir_mail_server_views.xml 
2025-07-04 23:10:35,515 1 INFO db0 odoo.modules.loading: loading base/views/ir_model_views.xml 
2025-07-04 23:10:35,612 1 INFO db0 odoo.modules.loading: loading base/views/ir_attachment_views.xml 
2025-07-04 23:10:35,628 1 INFO db0 odoo.modules.loading: loading base/views/ir_rule_views.xml 
2025-07-04 23:10:35,647 1 INFO db0 odoo.modules.loading: loading base/views/ir_sequence_views.xml 
2025-07-04 23:10:35,664 1 INFO db0 odoo.modules.loading: loading base/views/ir_ui_menu_views.xml 
2025-07-04 23:10:35,680 1 INFO db0 odoo.modules.loading: loading base/views/ir_ui_view_views.xml 
2025-07-04 23:10:35,713 1 INFO db0 odoo.modules.loading: loading base/views/ir_default_views.xml 
2025-07-04 23:10:35,727 1 INFO db0 odoo.modules.loading: loading base/data/ir_config_parameter_data.xml 
2025-07-04 23:10:35,732 1 INFO db0 odoo.modules.loading: loading base/data/ir_cron_data.xml 
2025-07-04 23:10:35,743 1 INFO db0 odoo.modules.loading: loading base/report/ir_model_report.xml 
2025-07-04 23:10:35,750 1 INFO db0 odoo.modules.loading: loading base/report/ir_model_templates.xml 
2025-07-04 23:10:35,758 1 INFO db0 odoo.modules.loading: loading base/views/ir_logging_views.xml 
2025-07-04 23:10:35,774 1 INFO db0 odoo.modules.loading: loading base/views/ir_qweb_widget_templates.xml 
2025-07-04 23:10:35,783 1 INFO db0 odoo.modules.loading: loading base/views/ir_module_views.xml 
2025-07-04 23:10:35,816 1 INFO db0 odoo.modules.loading: loading base/data/ir_module_category_data.xml 
2025-07-04 23:10:35,860 1 INFO db0 odoo.modules.loading: loading base/data/ir_module_module.xml 
2025-07-04 23:10:35,882 1 INFO db0 odoo.modules.loading: loading base/report/ir_module_reports.xml 
2025-07-04 23:10:35,889 1 INFO db0 odoo.modules.loading: loading base/report/ir_module_report_templates.xml 
2025-07-04 23:10:35,896 1 INFO db0 odoo.modules.loading: loading base/wizard/base_module_update_views.xml 
2025-07-04 23:10:35,911 1 INFO db0 odoo.modules.loading: loading base/wizard/base_language_install_views.xml 
2025-07-04 23:10:35,922 1 INFO db0 odoo.modules.loading: loading base/wizard/base_import_language_views.xml 
2025-07-04 23:10:35,932 1 INFO db0 odoo.modules.loading: loading base/wizard/base_module_upgrade_views.xml 
2025-07-04 23:10:35,948 1 INFO db0 odoo.modules.loading: loading base/wizard/base_module_uninstall_views.xml 
2025-07-04 23:10:35,959 1 INFO db0 odoo.modules.loading: loading base/wizard/base_export_language_views.xml 
2025-07-04 23:10:35,972 1 INFO db0 odoo.modules.loading: loading base/wizard/base_partner_merge_views.xml 
2025-07-04 23:10:35,985 1 INFO db0 odoo.modules.loading: loading base/data/ir_demo_failure_data.xml 
2025-07-04 23:10:35,998 1 INFO db0 odoo.modules.loading: loading base/views/ir_profile_views.xml 
2025-07-04 23:10:36,017 1 INFO db0 odoo.modules.loading: loading base/views/res_company_views.xml 
2025-07-04 23:10:36,036 1 INFO db0 odoo.modules.loading: loading base/views/res_lang_views.xml 
2025-07-04 23:10:36,060 1 INFO db0 odoo.modules.loading: loading base/views/res_partner_views.xml 
2025-07-04 23:10:36,123 1 INFO db0 odoo.modules.loading: loading base/views/res_bank_views.xml 
2025-07-04 23:10:36,144 1 INFO db0 odoo.modules.loading: loading base/views/res_country_views.xml 
2025-07-04 23:10:36,172 1 INFO db0 odoo.modules.loading: loading base/views/res_currency_views.xml 
2025-07-04 23:10:36,197 1 INFO db0 odoo.modules.loading: loading base/views/res_users_views.xml 
2025-07-04 23:10:36,263 1 INFO db0 odoo.modules.loading: loading base/views/res_device_views.xml 
2025-07-04 23:10:36,282 1 INFO db0 odoo.modules.loading: loading base/views/res_users_identitycheck_views.xml 
2025-07-04 23:10:36,290 1 INFO db0 odoo.modules.loading: loading base/views/res_config_settings_views.xml 
2025-07-04 23:10:36,299 1 INFO db0 odoo.modules.loading: loading base/views/report_paperformat_views.xml 
2025-07-04 23:10:36,320 1 INFO db0 odoo.modules.loading: loading base/security/ir.model.access.csv 
2025-07-04 23:10:36,384 1 INFO db0 odoo.modules.loading: Module base: loading demo 
2025-07-04 23:10:36,388 1 INFO db0 odoo.modules.loading: loading base/data/res_users_demo.xml 
2025-07-04 23:10:37,317 1 INFO db0 odoo.modules.loading: loading base/data/res_partner_bank_demo.xml 
2025-07-04 23:10:37,325 1 INFO db0 odoo.modules.loading: loading base/data/res_currency_demo.xml 
2025-07-04 23:10:37,332 1 INFO db0 odoo.modules.loading: loading base/data/res_currency_rate_demo.xml 
2025-07-04 23:10:37,472 1 INFO db0 odoo.modules.loading: loading base/data/res_bank_demo.xml 
2025-07-04 23:10:37,479 1 INFO db0 odoo.modules.loading: loading base/data/res_partner_demo.xml 
2025-07-04 23:10:37,589 1 INFO db0 odoo.modules.loading: loading base/data/res_partner_image_demo.xml 
2025-07-04 23:10:37,916 1 INFO db0 odoo.modules.loading: Module base loaded in 6.93s, 9219 queries (+9219 other) 
2025-07-04 23:10:37,919 1 INFO db0 odoo.modules.loading: 1 modules loaded in 6.94s, 9219 queries (+9219 extra) 
2025-07-04 23:10:37,936 1 INFO db0 odoo.modules.loading: updating modules list 
2025-07-04 23:10:37,940 1 INFO db0 odoo.addons.base.models.ir_module: ALLOW access to module.update_list on [] to user __system__ #1 via n/a 
2025-07-04 23:10:40,444 1 WARNING db0 odoo.modules.loading: invalid module names, ignored: conversion 
2025-07-04 23:10:40,485 1 INFO db0 odoo.modules.loading: loading 18 modules... 
2025-07-04 23:10:40,488 1 INFO db0 odoo.modules.loading: Loading module web (2/18) 
2025-07-04 23:10:40,508 1 INFO db0 odoo.modules.registry: module web: creating or updating database tables 
2025-07-04 23:10:40,799 1 INFO db0 odoo.modules.loading: loading web/security/ir.model.access.csv 
2025-07-04 23:10:40,815 1 INFO db0 odoo.modules.loading: loading web/views/webclient_templates.xml 
2025-07-04 23:10:40,856 1 INFO db0 odoo.modules.loading: loading web/views/report_templates.xml 
2025-07-04 23:10:40,915 1 INFO db0 odoo.modules.loading: loading web/views/base_document_layout_views.xml 
2025-07-04 23:10:40,932 1 INFO db0 odoo.modules.loading: loading web/views/partner_view.xml 
2025-07-04 23:10:40,944 1 INFO db0 odoo.modules.loading: loading web/views/speedscope_template.xml 
2025-07-04 23:10:40,955 1 INFO db0 odoo.modules.loading: loading web/views/neutralize_views.xml 
2025-07-04 23:10:40,972 1 INFO db0 odoo.modules.loading: loading web/data/ir_attachment.xml 
2025-07-04 23:10:40,985 1 INFO db0 odoo.modules.loading: loading web/data/report_layout.xml 
2025-07-04 23:10:41,053 1 INFO db0 odoo.modules.loading: Module web loaded in 0.57s, 1097 queries (+1097 other) 
2025-07-04 23:10:41,055 1 INFO db0 odoo.modules.loading: Loading module auth_totp (3/18) 
2025-07-04 23:10:41,163 1 INFO db0 odoo.modules.registry: module auth_totp: creating or updating database tables 
2025-07-04 23:10:41,224 1 INFO db0 odoo.modules.loading: loading auth_totp/security/security.xml 
2025-07-04 23:10:41,247 1 INFO db0 odoo.modules.loading: loading auth_totp/security/ir.model.access.csv 
2025-07-04 23:10:41,266 1 INFO db0 odoo.modules.loading: loading auth_totp/data/ir_action_data.xml 
2025-07-04 23:10:41,281 1 INFO db0 odoo.modules.loading: loading auth_totp/views/res_users_views.xml 
2025-07-04 23:10:41,308 1 INFO db0 odoo.modules.loading: loading auth_totp/views/templates.xml 
2025-07-04 23:10:41,319 1 INFO db0 odoo.modules.loading: loading auth_totp/wizard/auth_totp_wizard_views.xml 
2025-07-04 23:10:41,358 1 INFO db0 odoo.modules.loading: Module auth_totp loaded in 0.30s, 188 queries (+188 other) 
2025-07-04 23:10:41,360 1 INFO db0 odoo.modules.loading: Loading module base_import (4/18) 
2025-07-04 23:10:41,585 1 INFO db0 odoo.modules.registry: module base_import: creating or updating database tables 
2025-07-04 23:10:41,906 1 INFO db0 odoo.modules.loading: loading base_import/security/ir.model.access.csv 
2025-07-04 23:10:41,955 1 INFO db0 odoo.modules.loading: Module base_import loaded in 0.59s, 874 queries (+874 other) 
2025-07-04 23:10:41,957 1 INFO db0 odoo.modules.loading: Loading module base_import_module (5/18) 
2025-07-04 23:10:42,045 1 INFO db0 odoo.modules.registry: module base_import_module: creating or updating database tables 
2025-07-04 23:10:42,103 1 INFO db0 odoo.modules.loading: loading base_import_module/security/ir.model.access.csv 
2025-07-04 23:10:42,117 1 INFO db0 odoo.modules.loading: loading base_import_module/views/base_import_module_view.xml 
2025-07-04 23:10:42,140 1 INFO db0 odoo.modules.loading: loading base_import_module/views/ir_module_views.xml 
2025-07-04 23:10:42,194 1 INFO db0 odoo.modules.loading: Module base_import_module loaded in 0.24s, 164 queries (+164 other) 
2025-07-04 23:10:42,196 1 INFO db0 odoo.modules.loading: Loading module base_setup (6/18) 
2025-07-04 23:10:42,260 1 INFO db0 odoo.modules.registry: module base_setup: creating or updating database tables 
2025-07-04 23:10:42,304 1 INFO db0 odoo.modules.loading: loading base_setup/data/base_setup_data.xml 
2025-07-04 23:10:42,321 1 INFO db0 odoo.modules.loading: loading base_setup/views/res_config_settings_views.xml 
2025-07-04 23:10:42,351 1 INFO db0 odoo.modules.loading: loading base_setup/views/res_partner_views.xml 
2025-07-04 23:10:42,398 1 INFO db0 odoo.modules.loading: Module base_setup loaded in 0.20s, 150 queries (+150 other) 
2025-07-04 23:10:42,403 1 INFO db0 odoo.modules.loading: Loading module bus (7/18) 
2025-07-04 23:10:42,544 1 INFO db0 odoo.modules.registry: module bus: creating or updating database tables 
2025-07-04 23:10:42,623 1 INFO db0 odoo.modules.loading: loading bus/security/ir.model.access.csv 
2025-07-04 23:10:42,666 1 INFO db0 odoo.modules.loading: Module bus loaded in 0.26s, 165 queries (+165 other) 
2025-07-04 23:10:42,668 1 INFO db0 odoo.modules.loading: Loading module web_cohort (8/18) 
2025-07-04 23:10:42,746 1 INFO db0 odoo.modules.registry: module web_cohort: creating or updating database tables 
2025-07-04 23:10:43,059 1 INFO db0 odoo.modules.loading: Module web_cohort loaded in 0.39s, 863 queries (+863 other) 
2025-07-04 23:10:43,061 1 INFO db0 odoo.modules.loading: Loading module web_gantt (9/18) 
2025-07-04 23:10:43,120 1 INFO db0 odoo.modules.registry: module web_gantt: creating or updating database tables 
2025-07-04 23:10:43,477 1 INFO db0 odoo.modules.loading: Module web_gantt loaded in 0.42s, 857 queries (+857 other) 
2025-07-04 23:10:43,480 1 INFO db0 odoo.modules.loading: Loading module web_grid (10/18) 
2025-07-04 23:10:43,552 1 INFO db0 odoo.modules.registry: module web_grid: creating or updating database tables 
2025-07-04 23:10:43,896 1 INFO db0 odoo.modules.loading: Module web_grid loaded in 0.42s, 857 queries (+857 other) 
2025-07-04 23:10:43,899 1 INFO db0 odoo.modules.loading: Loading module web_tour (11/18) 
2025-07-04 23:10:43,954 1 INFO db0 odoo.modules.registry: module web_tour: creating or updating database tables 
2025-07-04 23:10:43,962 1 INFO db0 odoo.models: Prepare computation of res.users.tour_enabled 
2025-07-04 23:10:44,021 1 INFO db0 odoo.modules.loading: loading web_tour/security/ir.model.access.csv 
2025-07-04 23:10:44,038 1 INFO db0 odoo.modules.loading: loading web_tour/views/tour_views.xml 
2025-07-04 23:10:44,063 1 INFO db0 odoo.modules.loading: loading web_tour/views/res_users_views.xml 
2025-07-04 23:10:44,117 1 INFO db0 odoo.modules.loading: Module web_tour loaded in 0.22s, 188 queries (+188 other) 
2025-07-04 23:10:44,119 1 INFO db0 odoo.modules.loading: Loading module html_editor (12/18) 
2025-07-04 23:10:45,360 1 INFO db0 odoo.modules.registry: module html_editor: creating or updating database tables 
2025-07-04 23:10:45,460 1 INFO db0 odoo.modules.loading: Module html_editor loaded in 1.34s, 42 queries (+42 other) 
2025-07-04 23:10:45,474 1 INFO db0 odoo.modules.loading: Loading module iap (13/18) 
2025-07-04 23:10:45,492 1 INFO db0 odoo.modules.registry: module iap: creating or updating database tables 
2025-07-04 23:10:45,570 1 INFO db0 odoo.modules.loading: loading iap/data/services.xml 
2025-07-04 23:10:45,586 1 INFO db0 odoo.modules.loading: loading iap/security/ir.model.access.csv 
2025-07-04 23:10:45,602 1 INFO db0 odoo.modules.loading: loading iap/security/ir_rule.xml 
2025-07-04 23:10:45,614 1 INFO db0 odoo.modules.loading: loading iap/views/iap_views.xml 
2025-07-04 23:10:45,639 1 INFO db0 odoo.modules.loading: loading iap/views/res_config_settings.xml 
2025-07-04 23:10:45,703 1 INFO db0 odoo.modules.loading: Module iap loaded in 0.23s, 183 queries (+183 other) 
2025-07-04 23:10:45,706 1 INFO db0 odoo.modules.loading: Loading module web_enterprise (14/18) 
2025-07-04 23:10:45,760 1 INFO db0 odoo.modules.registry: module web_enterprise: creating or updating database tables 
2025-07-04 23:10:45,784 1 INFO db0 odoo.modules.loading: loading web_enterprise/views/webclient_templates.xml 
2025-07-04 23:10:45,833 1 INFO db0 odoo.modules.loading: Module web_enterprise loaded in 0.13s, 60 queries (+60 other) 
2025-07-04 23:10:45,835 1 INFO db0 odoo.modules.loading: Loading module web_map (15/18) 
2025-07-04 23:10:45,944 1 INFO db0 odoo.modules.registry: module web_map: creating or updating database tables 
2025-07-04 23:10:45,958 1 INFO db0 odoo.models: Prepare computation of res.partner.contact_address_complete 
2025-07-04 23:10:46,287 1 INFO db0 odoo.modules.loading: loading web_map/views/res_config_settings.xml 
2025-07-04 23:10:46,306 1 INFO db0 odoo.modules.loading: loading web_map/views/res_partner_views.xml 
2025-07-04 23:10:46,357 1 INFO db0 odoo.modules.loading: Module web_map loaded in 0.52s, 947 queries (+947 other) 
2025-07-04 23:10:46,359 1 INFO db0 odoo.modules.loading: Loading module web_editor (16/18) 
2025-07-04 23:10:46,506 1 INFO db0 odoo.modules.registry: module web_editor: creating or updating database tables 
2025-07-04 23:10:46,839 1 INFO db0 odoo.modules.loading: loading web_editor/security/ir.model.access.csv 
2025-07-04 23:10:46,862 1 INFO db0 odoo.modules.loading: loading web_editor/data/editor_assets.xml 
2025-07-04 23:10:46,886 1 INFO db0 odoo.modules.loading: loading web_editor/views/editor.xml 
2025-07-04 23:10:46,924 1 INFO db0 odoo.modules.loading: loading web_editor/views/snippets.xml 
2025-07-04 23:10:47,010 1 INFO db0 odoo.modules.loading: Module web_editor loaded in 0.65s, 998 queries (+998 other) 
2025-07-04 23:10:47,013 1 INFO db0 odoo.modules.loading: Loading module web_mobile (17/18) 
2025-07-04 23:10:47,062 1 INFO db0 odoo.modules.registry: module web_mobile: creating or updating database tables 
2025-07-04 23:10:47,104 1 INFO db0 odoo.modules.loading: loading web_mobile/views/views.xml 
2025-07-04 23:10:47,158 1 INFO db0 odoo.modules.loading: Module web_mobile loaded in 0.15s, 88 queries (+88 other) 
2025-07-04 23:10:47,162 1 INFO db0 odoo.modules.loading: Loading module web_unsplash (18/18) 
2025-07-04 23:10:47,246 1 INFO db0 odoo.modules.registry: module web_unsplash: creating or updating database tables 
2025-07-04 23:10:47,298 1 INFO db0 odoo.modules.loading: loading web_unsplash/views/res_config_settings_view.xml 
2025-07-04 23:10:47,362 1 INFO db0 odoo.modules.loading: Module web_unsplash loaded in 0.20s, 98 queries (+98 other) 
2025-07-04 23:10:47,364 1 INFO db0 odoo.modules.loading: 18 modules loaded in 6.88s, 7819 queries (+7819 extra) 
2025-07-04 23:10:47,553 1 INFO db0 odoo.modules.loading: Modules loaded. 
2025-07-04 23:10:47,559 1 INFO db0 odoo.modules.registry: Registry changed, signaling through the database 
2025-07-04 23:10:47,568 1 INFO db0 odoo.modules.registry: Registry loaded in 40.551s 
2025-07-04 23:10:47,578 1 INFO db0 odoo.addons.base.models.ir_http: Generating routing map for key None 
2025-07-04 23:10:47,639 1 INFO db0 werkzeug: 172.23.0.1 - - [04/Jul/2025 23:10:47] "GET /websocket?version=18.0-3 HTTP/1.1" 101 - 9 0.010 39.312
2025-07-04 23:10:47,964 1 INFO ? odoo.addons.bus.models.bus: Bus.loop listen imbus on db postgres 
2025-07-04 23:10:53,054 1 INFO db0 werkzeug: 172.23.0.1 - - [04/Jul/2025 23:10:53] "GET / HTTP/1.1" 303 - 5 0.007 0.025
2025-07-04 23:10:53,092 1 INFO db0 werkzeug: 172.23.0.1 - - [04/Jul/2025 23:10:53] "GET /odoo HTTP/1.1" 303 - 5 0.002 0.009
2025-07-04 23:10:55,364 1 INFO db0 werkzeug: 172.23.0.1 - - [04/Jul/2025 23:10:55] "GET /web/login?redirect=/odoo? HTTP/1.1" 200 - 54 0.027 2.235
2025-07-04 23:10:57,099 1 INFO db0 werkzeug: 172.23.0.1 - - [04/Jul/2025 23:10:57] "GET /web/binary/company_logo HTTP/1.1" 200 - 6 0.005 1.672
2025-07-04 23:10:57,187 1 INFO db0 odoo.addons.base.models.assetsbundle: Generating a new asset bundle attachment /web/assets/1225ded/web.assets_frontend_minimal.min.js (id:194) 
2025-07-04 23:10:57,193 1 INFO db0 werkzeug: 172.23.0.1 - - [04/Jul/2025 23:10:57] "GET /web/assets/1225ded/web.assets_frontend_minimal.min.js HTTP/1.1" 200 - 16 0.013 0.068
2025-07-04 23:10:58,894 1 INFO db0 odoo.addons.base.models.assetsbundle: Generating a new asset bundle attachment /web/assets/153c72e/web.assets_frontend.min.css (id:195) 
2025-07-04 23:10:58,900 1 INFO db0 werkzeug: 172.23.0.1 - - [04/Jul/2025 23:10:58] "GET /web/assets/153c72e/web.assets_frontend.min.css HTTP/1.1" 200 - 13 0.034 3.445
2025-07-04 23:11:01,236 1 INFO db0 odoo.addons.base.models.assetsbundle: Generating a new asset bundle attachment /web/assets/bbd3ba8/web.assets_frontend_lazy.min.js (id:196) 
2025-07-04 23:11:01,242 1 INFO db0 werkzeug: 172.23.0.1 - - [04/Jul/2025 23:11:01] "GET /web/assets/bbd3ba8/web.assets_frontend_lazy.min.js HTTP/1.1" 200 - 13 0.014 2.107
2025-07-04 23:11:01,788 1 INFO db0 werkzeug: 172.23.0.1 - - [04/Jul/2025 23:11:01] "GET /web/webclient/translations/1751670661344 HTTP/1.1" 200 - 6 0.003 0.407
2025-07-04 23:11:12,401 1 INFO db0 odoo.addons.base.models.res_users: Login failed for db:db0 login:admin from 172.23.0.1 
2025-07-04 23:11:12,425 1 INFO db0 werkzeug: 172.23.0.1 - - [04/Jul/2025 23:11:12] "POST /web/login HTTP/1.1" 200 - 13 0.010 0.309
2025-07-04 23:11:12,478 1 INFO db0 werkzeug: 172.23.0.1 - - [04/Jul/2025 23:11:12] "GET /web/binary/company_logo HTTP/1.1" 304 - 6 0.004 0.014
2025-07-04 23:11:12,570 1 INFO db0 werkzeug: 172.23.0.1 - - [04/Jul/2025 23:11:12] "GET /web/webclient/translations/1751670672519 HTTP/1.1" 200 - 6 0.004 0.016
2025-07-04 23:11:16,640 1 INFO db0 odoo.addons.base.models.res_users: Login successful for db:db0 login:admin from 172.23.0.1 
2025-07-04 23:11:16,655 1 INFO db0 odoo.modules.registry: Caches invalidated, signaling through the database: ['default'] 
2025-07-04 23:11:16,659 1 INFO db0 werkzeug: 172.23.0.1 - - [04/Jul/2025 23:11:16] "POST /web/login HTTP/1.1" 303 - 45 0.021 0.285
2025-07-04 23:11:16,673 1 INFO db0 odoo.addons.base.models.res_device: User 2 inserts device log (9UyoenYEUmDDiSGV81wAoWK1ELfBzXk4iG2PvAhK3J) 
2025-07-04 23:11:18,984 1 INFO db0 werkzeug: 172.23.0.1 - - [04/Jul/2025 23:11:18] "GET /odoo HTTP/1.1" 200 - 77 0.025 2.290
2025-07-04 23:11:21,390 1 INFO db0 odoo.addons.base.models.assetsbundle: Generating a new asset bundle attachment /web/assets/0975dc5/web.assets_web.min.css (id:197) 
2025-07-04 23:11:21,440 1 INFO db0 werkzeug: 172.23.0.1 - - [04/Jul/2025 23:11:21] "GET /web/assets/0975dc5/web.assets_web.min.css HTTP/1.1" 200 - 15 0.039 2.382
2025-07-04 23:11:24,044 1 INFO db0 odoo.addons.base.models.assetsbundle: Generating a new asset bundle attachment /web/assets/25406b9/web.assets_web_print.min.css (id:198) 
2025-07-04 23:11:24,054 1 INFO db0 werkzeug: 172.23.0.1 - - [04/Jul/2025 23:11:24] "GET /web/assets/25406b9/web.assets_web_print.min.css HTTP/1.1" 200 - 8 0.026 2.539
2025-07-04 23:11:26,629 1 INFO db0 odoo.addons.base.models.assetsbundle: Generating a new asset bundle attachment /web/assets/c7af709/web.assets_web.min.js (id:199) 
2025-07-04 23:11:26,654 1 INFO db0 werkzeug: 172.23.0.1 - - [04/Jul/2025 23:11:26] "GET /web/assets/c7af709/web.assets_web.min.js HTTP/1.1" 200 - 11 0.017 7.620
2025-07-04 23:11:26,970 1 INFO db0 odoo.addons.base.models.assetsbundle: Generating a new asset bundle attachment /web/assets/257ca32/bus.websocket_worker_assets.min.js (id:200) 
2025-07-04 23:11:26,973 1 INFO db0 werkzeug: 172.23.0.1 - - [04/Jul/2025 23:11:26] "GET /web/manifest.webmanifest HTTP/1.1" 200 - 7 0.015 0.015
2025-07-04 23:11:26,976 1 INFO db0 werkzeug: 172.23.0.1 - - [04/Jul/2025 23:11:26] "GET /bus/websocket_worker_bundle?v=18.0-3 HTTP/1.1" 304 - 8 0.006 0.057
2025-07-04 23:11:26,995 1 INFO db0 werkzeug: 172.23.0.1 - - [04/Jul/2025 23:11:26] "GET /websocket?version=18.0-3 HTTP/1.1" 101 - 1 0.001 0.004
2025-07-04 23:11:27,095 1 INFO db0 werkzeug: 172.23.0.1 - - [04/Jul/2025 23:11:27] "GET /web/image?model=res.users&field=avatar_128&id=2 HTTP/1.1" 304 - 17 0.024 0.014
2025-07-04 23:11:27,095 1 INFO db0 werkzeug: 172.23.0.1 - - [04/Jul/2025 23:11:27] "GET /web/image/res.partner/3/avatar_128?unique=1751685076000 HTTP/1.1" 200 - 13 0.021 0.019
2025-07-04 23:11:31,872 1 INFO db0 werkzeug: 172.23.0.1 - - [04/Jul/2025 23:11:31] "POST /web/action/load HTTP/1.1" 200 - 10 0.006 0.007
2025-07-04 23:11:31,927 1 INFO db0 werkzeug: 172.23.0.1 - - [04/Jul/2025 23:11:31] "POST /web/dataset/call_kw/res.config.settings/get_views HTTP/1.1" 200 - 13 0.006 0.015
2025-07-04 23:11:31,958 1 INFO db0 werkzeug: 172.23.0.1 - - [04/Jul/2025 23:11:31] "POST /web/dataset/call_kw/res.config.settings/onchange HTTP/1.1" 200 - 28 0.008 0.008
2025-07-04 23:11:31,988 1 INFO db0 werkzeug: 172.23.0.1 - - [04/Jul/2025 23:11:31] "POST /base_setup/demo_active HTTP/1.1" 200 - 2 0.004 0.002
2025-07-04 23:11:32,005 1 INFO db0 werkzeug: 172.23.0.1 - - [04/Jul/2025 23:11:32] "POST /base_setup/data HTTP/1.1" 200 - 6 0.008 0.008
2025-07-04 23:11:44,700 1 INFO db0 odoo.service.server: Initiating shutdown 
2025-07-04 23:11:44,717 1 INFO db0 odoo.service.server: Hit CTRL-C again or send a second signal to force the shutdown. 
